<?xml version="1.0" encoding="UTF-8"?>
<!-- Generated by org.testng.reporters.JUnitXMLReporter -->
<testsuite ignored="0" hostname="LAPTOP-QUQKHFO9" failures="1" tests="6" name="TutorialsNinja TestCases" time="48.077" errors="0" timestamp="2023-12-27T22:32:25 IST">
  <testcase classname="com.tutorialsninja.qa.testcases.Register" name="verifyRegisteringAnAccountWithExistingEmailAddress" time="1.117"/>
  <testcase classname="com.tutorialsninja.qa.testcases.Register" name="verifyRegisteringAnAccountWithMandatoryFields" time="1.387"/>
  <testcase classname="com.tutorialsninja.qa.testcases.Login" name="verifyLoginWithValidCredentials" time="2.232"/>
  <testcase classname="com.tutorialsninja.qa.testcases.Login" name="verifyLoginWithInvalidCredentials" time="0.668">
    <failure type="java.lang.AssertionError" message="Expected Warning message is not present expected [true] but found [false]">
      <![CDATA[java.lang.AssertionError: Expected Warning message is not present expected [true] but found [false]
at com.tutorialsninja.qa.testcases.Login.verifyLoginWithInvalidCredentials(Login.java:61)
at java.base/java.util.ArrayList.forEach(ArrayList.java:1511)
... Removed 28 stack frames]]>
    </failure>
  </testcase> <!-- verifyLoginWithInvalidCredentials -->
  <testcase classname="com.tutorialsninja.qa.testcases.Search" name="verifySearchWithValidProduct" time="0.698"/>
  <testcase classname="com.tutorialsninja.qa.testcases.Search" name="verifySearchWithInvalidProduct" time="0.563"/>
</testsuite> <!-- TutorialsNinja TestCases -->
