<?xml version="1.0" encoding="UTF-8"?>
<!-- Generated by org.testng.reporters.JUnitXMLReporter -->
<testsuite ignored="0" hostname="LAPTOP-QUQKHFO9" failures="0" tests="2" name="Default test" time="18.521" errors="0" timestamp="2023-12-20T16:19:46 IST">
  <testcase classname="com.tutorialsninja.qa.testcases.Login" name="verifyLoginWithValidCredentials" time="0.902"/>
  <testcase classname="com.tutorialsninja.qa.testcases.Login" name="verifyLoginWithInvalidCredentials" time="0.616"/>
</testsuite> <!-- Default test -->
