<?xml version="1.0" encoding="UTF-8"?>
<testng-results ignored="0" total="2" passed="2" failed="0" skipped="0">
  <reporter-output>
  </reporter-output>
  <suite started-at="2023-12-20T16:19:27 IST" name="Default suite" finished-at="2023-12-20T16:19:46 IST" duration-ms="18521">
    <groups>
    </groups>
    <test started-at="2023-12-20T16:19:27 IST" name="Default test" finished-at="2023-12-20T16:19:46 IST" duration-ms="18521">
      <class name="com.tutorialsninja.qa.testcases.Login">
        <test-method is-config="true" signature="setup()[pri:0, instance:com.tutorialsninja.qa.testcases.Login@66f57048]" started-at="2023-12-20T16:19:27 IST" name="setup" finished-at="2023-12-20T16:19:35 IST" duration-ms="7819" status="PASS">
          <reporter-output>
          </reporter-output>
        </test-method> <!-- setup -->
        <test-method signature="verifyLoginWithValidCredentials()[pri:1, instance:com.tutorialsninja.qa.testcases.Login@66f57048]" started-at="2023-12-20T16:19:35 IST" name="verifyLoginWithValidCredentials" finished-at="2023-12-20T16:19:36 IST" duration-ms="902" status="PASS">
          <reporter-output>
          </reporter-output>
        </test-method> <!-- verifyLoginWithValidCredentials -->
        <test-method is-config="true" signature="tearDown()[pri:0, instance:com.tutorialsninja.qa.testcases.Login@66f57048]" started-at="2023-12-20T16:19:36 IST" name="tearDown" finished-at="2023-12-20T16:19:37 IST" duration-ms="1226" status="PASS">
          <reporter-output>
          </reporter-output>
        </test-method> <!-- tearDown -->
        <test-method is-config="true" signature="setup()[pri:0, instance:com.tutorialsninja.qa.testcases.Login@66f57048]" started-at="2023-12-20T16:19:37 IST" name="setup" finished-at="2023-12-20T16:19:44 IST" duration-ms="7036" status="PASS">
          <reporter-output>
          </reporter-output>
        </test-method> <!-- setup -->
        <test-method signature="verifyLoginWithInvalidCredentials()[pri:2, instance:com.tutorialsninja.qa.testcases.Login@66f57048]" started-at="2023-12-20T16:19:44 IST" name="verifyLoginWithInvalidCredentials" finished-at="2023-12-20T16:19:45 IST" duration-ms="616" status="PASS">
          <reporter-output>
          </reporter-output>
        </test-method> <!-- verifyLoginWithInvalidCredentials -->
        <test-method is-config="true" signature="tearDown()[pri:0, instance:com.tutorialsninja.qa.testcases.Login@66f57048]" started-at="2023-12-20T16:19:45 IST" name="tearDown" finished-at="2023-12-20T16:19:46 IST" duration-ms="868" status="PASS">
          <reporter-output>
          </reporter-output>
        </test-method> <!-- tearDown -->
      </class> <!-- com.tutorialsninja.qa.testcases.Login -->
    </test> <!-- Default test -->
  </suite> <!-- Default suite -->
</testng-results>
